  GameObject.cpp
C:\Users\pring\OneDrive\Desktop\COMP 3016 - Game Dev - Joseph Lines\COMP 3016_Evil Space Man\COMP 3016 - Evil Space Man - Joseph Lines\GameObject.h(21,3): error C3878: syntax error: unexpected token 'Component' following 'expression'
  (compiling source file 'GameObject.cpp')
      C:\Users\pring\OneDrive\Desktop\COMP 3016 - Game Dev - Joseph Lines\COMP 3016_Evil Space Man\COMP 3016 - Evil Space Man - Joseph Lines\GameObject.h(17,7):
      This diagnostic occurred in the compiler generated function 'void GameObject::InputValues(T)'
  
C:\Users\pring\OneDrive\Desktop\COMP 3016 - Game Dev - Joseph Lines\COMP 3016_Evil Space Man\COMP 3016 - Evil Space Man - Joseph Lines\GameObject.h(21,3): message : error recovery skipped: 'identifier -> identifier  . . . identifier'
  (compiling source file 'GameObject.cpp')
      C:\Users\pring\OneDrive\Desktop\COMP 3016 - Game Dev - Joseph Lines\COMP 3016_Evil Space Man\COMP 3016 - Evil Space Man - Joseph Lines\GameObject.h(17,7):
      This diagnostic occurred in the compiler generated function 'void GameObject::InputValues(T)'
  
C:\Users\pring\OneDrive\Desktop\COMP 3016 - Game Dev - Joseph Lines\COMP 3016_Evil Space Man\COMP 3016 - Evil Space Man - Joseph Lines\GameObject.h(21,29): error C2760: syntax error: ')' was unexpected here; expected ';'
  (compiling source file 'GameObject.cpp')
      C:\Users\pring\OneDrive\Desktop\COMP 3016 - Game Dev - Joseph Lines\COMP 3016_Evil Space Man\COMP 3016 - Evil Space Man - Joseph Lines\GameObject.h(17,7):
      This diagnostic occurred in the compiler generated function 'void GameObject::InputValues(T)'
  
C:\Users\pring\OneDrive\Desktop\COMP 3016 - Game Dev - Joseph Lines\COMP 3016_Evil Space Man\COMP 3016 - Evil Space Man - Joseph Lines\GameObject.h(21,29): error C3878: syntax error: unexpected token ')' following 'expression-statement'
  (compiling source file 'GameObject.cpp')
      C:\Users\pring\OneDrive\Desktop\COMP 3016 - Game Dev - Joseph Lines\COMP 3016_Evil Space Man\COMP 3016 - Evil Space Man - Joseph Lines\GameObject.h(17,7):
      This diagnostic occurred in the compiler generated function 'void GameObject::InputValues(T)'
  
C:\Users\pring\OneDrive\Desktop\COMP 3016 - Game Dev - Joseph Lines\COMP 3016_Evil Space Man\COMP 3016 - Evil Space Man - Joseph Lines\GameObject.h(21,29): message : error recovery skipped: ')'
  (compiling source file 'GameObject.cpp')
      C:\Users\pring\OneDrive\Desktop\COMP 3016 - Game Dev - Joseph Lines\COMP 3016_Evil Space Man\COMP 3016 - Evil Space Man - Joseph Lines\GameObject.h(17,7):
      This diagnostic occurred in the compiler generated function 'void GameObject::InputValues(T)'
  
  main.cpp
C:\Users\pring\OneDrive\Desktop\COMP 3016 - Game Dev - Joseph Lines\COMP 3016_Evil Space Man\COMP 3016 - Evil Space Man - Joseph Lines\GameObject.h(21,3): error C3878: syntax error: unexpected token 'Component' following 'expression'
  (compiling source file 'main.cpp')
      C:\Users\pring\OneDrive\Desktop\COMP 3016 - Game Dev - Joseph Lines\COMP 3016_Evil Space Man\COMP 3016 - Evil Space Man - Joseph Lines\GameObject.h(17,7):
      This diagnostic occurred in the compiler generated function 'void GameObject::InputValues(T)'
  
C:\Users\pring\OneDrive\Desktop\COMP 3016 - Game Dev - Joseph Lines\COMP 3016_Evil Space Man\COMP 3016 - Evil Space Man - Joseph Lines\GameObject.h(21,3): message : error recovery skipped: 'identifier -> identifier  . . . identifier'
  (compiling source file 'main.cpp')
      C:\Users\pring\OneDrive\Desktop\COMP 3016 - Game Dev - Joseph Lines\COMP 3016_Evil Space Man\COMP 3016 - Evil Space Man - Joseph Lines\GameObject.h(17,7):
      This diagnostic occurred in the compiler generated function 'void GameObject::InputValues(T)'
  
C:\Users\pring\OneDrive\Desktop\COMP 3016 - Game Dev - Joseph Lines\COMP 3016_Evil Space Man\COMP 3016 - Evil Space Man - Joseph Lines\GameObject.h(21,29): error C2760: syntax error: ')' was unexpected here; expected ';'
  (compiling source file 'main.cpp')
      C:\Users\pring\OneDrive\Desktop\COMP 3016 - Game Dev - Joseph Lines\COMP 3016_Evil Space Man\COMP 3016 - Evil Space Man - Joseph Lines\GameObject.h(17,7):
      This diagnostic occurred in the compiler generated function 'void GameObject::InputValues(T)'
  
C:\Users\pring\OneDrive\Desktop\COMP 3016 - Game Dev - Joseph Lines\COMP 3016_Evil Space Man\COMP 3016 - Evil Space Man - Joseph Lines\GameObject.h(21,29): error C3878: syntax error: unexpected token ')' following 'expression-statement'
  (compiling source file 'main.cpp')
      C:\Users\pring\OneDrive\Desktop\COMP 3016 - Game Dev - Joseph Lines\COMP 3016_Evil Space Man\COMP 3016 - Evil Space Man - Joseph Lines\GameObject.h(17,7):
      This diagnostic occurred in the compiler generated function 'void GameObject::InputValues(T)'
  
C:\Users\pring\OneDrive\Desktop\COMP 3016 - Game Dev - Joseph Lines\COMP 3016_Evil Space Man\COMP 3016 - Evil Space Man - Joseph Lines\GameObject.h(21,29): message : error recovery skipped: ')'
  (compiling source file 'main.cpp')
      C:\Users\pring\OneDrive\Desktop\COMP 3016 - Game Dev - Joseph Lines\COMP 3016_Evil Space Man\COMP 3016 - Evil Space Man - Joseph Lines\GameObject.h(17,7):
      This diagnostic occurred in the compiler generated function 'void GameObject::InputValues(T)'
  
C:\Users\pring\OneDrive\Desktop\COMP 3016 - Game Dev - Joseph Lines\COMP 3016_Evil Space Man\COMP 3016 - Evil Space Man - Joseph Lines\main.cpp(3,10): warning C4067: unexpected tokens following preprocessor directive - expected a newline
  Generating Code...
